<?xml version="1.0"?>
<xml>
  <table>
    <rec ID="1">
      <numField>123</numField>
      <stringField>String Value</stringField>
      <object name="Obj1">
        <property name="size">10</property>
        <property name="type">Data</property>
      </object>
    </rec>
    <rec ID="2">
      <numField>346</numField>
      <stringField>Text Value</stringField>
    </rec>
    <rec ID="3">
      <numField>-23</numField>
      <stringField>stringValue</stringField>
    </rec>
  </table>
</xml>
